Consensus Clustering: 75 iterations

[0 1 2 3 4 5 6 7] [1536 1113 1041  837  402  400  265    2]
[0 1 2 3 4 5 6] [1744 1358  977  750  396  301   70]
[0 1 2 3 4 5] [1311 1163 1063  975  790  294]
[0 1 2 3 4 5 6] [1755 1280 1180  775  387  149   70]
[0 1 2 3 4 5 6] [1691 1243 1093  825  389  285   70]
[0 1 2 3 4 5 6 7] [1729 1199 1041  750  390  269  148   70]
[0 1 2 3 4 5 6] [1561 1549 1099  514  436  274  163]
[0 1 2 3 4 5 6] [1639 1227 1113  860  385  302   70]
[0 1 2 3 4 5 6] [1492 1114 1088 1077  517  306    2]
[0 1 2 3 4 5 6 7] [1466 1090 1074  859  735  298   71    3]
[0 1 2 3 4 5 6] [1702 1250  940  814  419  401   70]
[0 1 2 3 4 5 6] [1730 1260 1070 1052  274  140   70]
[0 1 2 3 4 5 6] [1283 1080 1055  909  905  294   70]
[0 1 2 3 4 5 6] [1291 1093 1058 1057  623  404   70]
[0 1 2 3 4 5] [1692 1271 1095  900  568   70]
[0 1 2 3 4 5] [1689 1266 1078 1069  267  227]
[0 1 2 3 4 5] [1291 1089  994  957  877  388]
[0 1 2 3 4 5 6] [1363 1082 1056  934  810  280   71]
[0 1 2 3 4 5 6] [1536 1095 1077  967  484  280  157]
[0 1 2 3 4 5 6 7] [1227 1108 1040  965  752  275  159   70]
[0 1 2 3 4 5 6] [1315 1118 1007  879  795  411   71]
[0 1 2 3 4 5 6] [1586 1098 1080  946  478  406    2]
[0 1 2 3 4 5 6] [1722 1287 1008  710  404  395   70]
[0 1 2 3 4 5 6] [1694 1368 1162  871  259  172   70]
[0 1 2 3 4 5 6] [1275 1053  976  892  735  389  276]
[0 1 2 3 4 5] [1695 1281 1110 1020  294  196]
[0 1 2 3 4 5 6 7] [1554 1085 1082  998  458  261  156    2]
[0 1 2 3 4 5 6] [1501 1080 1054  991  532  281  157]
[0 1 2 3 4 5 6 7] [1270 1067 1064  946  755  273  151   70]
[0 1 2 3 4 5 6] [1582 1083 1057 1033  393  294  154]
[0 1 2 3 4 5 6] [1681 1590 1387  415  306  147   70]
[0 1 2 3 4 5 6] [1219 1087 1051 1000  757  411   71]
[0 1 2 3 4 5] [1291 1086  993  971  789  466]
[0 1 2 3 4 5] [1188 1089 1027 1027  872  393]
[0 1 2 3 4 5 6] [1680 1248  914  872  394  265  223]
[0 1 2 3 4 5 6 7] [1450 1061 1040  814  737  275  149   70]
[0 1 2 3 4 5 6] [1705 1264  898  853  395  269  212]
[0 1 2 3 4 5 6] [1771 1443 1021  479  404  290  188]
[0 1 2 3 4 5 6] [1279 1095 1058 1033  908  153   70]
[0 1 2 3 4 5 6] [1288 1083 1025  997  736  239  228]
[0 1 2 3 4] [1683 1669 1369  569  306]
[0 1 2 3 4 5 6] [1255 1067  900  881  832  390  271]
[0 1 2 3 4 5 6] [1650 1335 1085 1008  278  170   70]
[0 1 2 3 4 5 6] [1260 1057  970  897  763  385  264]
[0 1 2 3 4 5 6] [1704 1284 1059 1046  278  154   71]
[0 1 2 3 4 5 6] [1124 1054  996  895  865  400  262]
[0 1 2 3 4 5 6] [1744 1331 1004  794  396  257   70]
[0 1 2 3 4 5 6] [1742 1015  997  950  430  392   70]
[0 1 2 3 4 5 6] [1419 1068  950  900  719  469   71]
[0 1 2 3 4 5 6] [1557 1096 1077  791  723  281   71]
[0 1 2 3 4 5 6 7] [1605 1364 1072 1051  286  147   69    2]
[0 1 2 3 4 5 6] [1704 1255 1104 1051  265  147   70]
[0 1 2 3 4 5] [1657 1302 1068  877  412  280]
[0 1 2 3 4 5] [1669 1324 1074 1059  399   71]
[0 1 2 3 4 5] [1735 1340 1081 1078  293   69]
[0 1 2 3 4 5 6] [1647 1342  968  761  383  279  216]
[0 1 2 3 4 5] [1670 1281 1090 1077  279  199]
[0 1 2 3 4 5] [1334 1132 1086  998  762  284]
[0 1 2 3 4] [1666 1287 1122 1112  409]
[0 1 2 3 4 5 6] [1726 1228 1029  737  399  277  200]
[0 1 2 3 4 5 6] [1266 1143 1046 1005  903  163   70]
[0 1 2 3 4 5] [1694 1262 1091 1047  283  219]
[0 1 2 3 4 5 6] [1597 1326 1081  857  390  275   70]
[0 1 2 3 4 5 6] [1614 1083 1069  917  479  281  153]
[0 1 2 3 4 5 6] [1099 1088 1046 1015  803  474   71]
[0 1 2 3 4 5 6] [1304 1024  899  882  839  386  262]
[0 1 2 3 4 5 6] [1751 1264  932  886  391  302   70]
[0 1 2 3 4 5 6] [1611 1068 1047  911  523  278  158]
[0 1 2 3 4 5 6] [1213 1044  902  892  874  394  277]
[0 1 2 3 4 5] [1150 1148 1073  996  973  256]
[0 1 2 3 4 5 6 7] [1692 1302 1010  707  385  266  164   70]
[0 1 2 3 4 5 6] [1726 1300 1290  685  372  153   70]
[0 1 2 3 4 5] [1638 1306 1068  929  390  265]
[0 1 2 3 4 5 6] [1251 1066 1049  907  822  276  225]
[0 1 2 3 4 5 6 7] [1659 1128  935  876  536  259  201    2]

Final Consensus Clustering Results:
[1 2 3 4 5] [1704 1297 1257  255 1083]

12 Descending Neuron cluster assignments:
5, 5, 1, 5, 5, 2, 1, 2, 2, 1, 1, 5, 

Time taken for consensus clustering: 224.84 seconds
Total time taken: 268.77 seconds
