Running Consensus Clustering on Louvain: 25 iterations

[0 1 2 3 4 5 6 7] [1737 1268 1031  655  400  287  148   70]
[0 1 2 3 4 5 6] [1320 1161 1115 1036  604  291   69]
[0 1 2 3 4 5 6] [1627 1069  841  800  569  384  306]
[0 1 2 3 4 5 6] [1308 1297  946  917  848  210   70]
[0 1 2 3 4 5 6] [1731 1437 1227  588  395  148   70]
[0 1 2 3 4 5 6 7] [1223 1064 1053  994  760  282  150   70]
[0 1 2 3 4 5 6] [1552 1107 1089 1074  392  380    2]
[0 1 2 3 4 5 6 7] [1309 1047 1047  951  738  277  157   70]
[0 1 2 3 4 5] [1751 1721 1354  395  304   71]
[0 1 2 3 4 5] [1672 1265 1090 1057  294  218]
[0 1 2 3 4 5 6] [1083 1079 1068  950  898  448   70]
[0 1 2 3 4 5] [1355 1127 1043 1028  973   70]
[0 1 2 3 4 5 6 7] [1250 1110 1034  937  628  390  242    5]
[0 1 2 3 4 5 6] [1649 1264 1085 1039  338  151   70]
[0 1 2 3 4 5 6 7] [1526 1125 1062 1017  418  279  167    2]
[0 1 2 3 4 5 6] [1292 1108 1084 1050  842  150   70]
[0 1 2 3 4 5] [1725 1697 1274  389  293  218]
[0 1 2 3 4 5 6] [1679 1303 1077 1031  282  154   70]
[0 1 2 3 4 5 6 7] [1728 1277  882  812  393  285  149   70]
[0 1 2 3 4 5 6] [1559 1304 1079  893  391  300   70]
[0 1 2 3 4 5 6] [1469 1119 1054  999  460  335  160]
[0 1 2 3 4 5] [1664 1280 1085 1058  290  219]
[0 1 2 3 4 5 6 7] [1749 1273 1035  655  397  286  131   70]
[0 1 2 3 4 5 6 7] [1736 1138  986  861  390  268  146   71]
[0 1 2 3 4 5 6] [1762 1659 1270  390  294  151   70]

Final Consensus Clustering Results:
[1 2 3 4 5 6] [1700 1281   70  410 1086 1049]

12 Descending Neuron cluster assignments:
5, 5, 1, 5, 5, 2, 1, 2, 2, 1, 1, 5, 

Time taken for consensus clustering: 108.11 seconds
Total time taken: 122.71 seconds
