Running Consensus Clustering on Louvain: 75 iterations

[0 1 2 3 4 5] [1690 1303 1045  890  388  280]
[0 1 2 3 4 5 6] [1641 1335 1046  805  416  283   70]
[0 1 2 3 4 5 6] [1278 1099 1043  986  953  167   70]
[0 1 2 3 4 5 6] [1694 1271  939  801  390  282  219]
[0 1 2 3 4 5 6] [1564 1358 1070  852  390  292   70]
[0 1 2 3 4 5 6] [1637 1055 1041  785  641  284  153]
[0 1 2 3 4 5 6 7] [1326 1086 1069 1025  587  283  150   70]
[0 1 2 3 4 5 6] [1089 1071 1026  997  753  386  274]
[0 1 2 3 4 5] [1693 1556 1437  434  282  194]
[0 1 2 3 4 5] [1690 1272 1066 1056  284  228]
[0 1 2 3 4 5 6] [1481 1186 1084 1067  560  148   70]
[0 1 2 3 4 5 6] [1681 1290 1180  940  268  167   70]
[0 1 2 3 4 5 6] [1608 1059 1053  840  605  289  142]
[0 1 2 3 4 5 6 7] [1174 1083 1036  907  900  275  151   70]
[0 1 2 3 4 5 6] [1508 1020  915  767  734  395  257]
[0 1 2 3 4 5 6] [1497 1063 1045  863  634  424   70]
[0 1 2 3 4 5 6] [1631 1314 1073  903  387  286    2]
[0 1 2 3 4 5 6] [1711 1691 1292  398  299  136   69]
[0 1 2 3 4 5 6] [1463 1064 1015  887  501  388  278]
[0 1 2 3 4 5 6] [1653 1356 1307  752  289  169   70]
[0 1 2 3 4 5 6] [1103 1087 1079 1074 1019  164   70]
[0 1 2 3 4 5 6] [1089 1006  983  933  922  401  262]
[0 1 2 3 4 5] [1433 1408 1256  858  570   71]
[0 1 2 3 4 5] [1658 1311 1097  864  387  279]
[0 1 2 3 4 5 6] [1238 1102 1073  881  641  393  268]
[0 1 2 3 4 5] [1679 1242 1107  898  384  286]
[0 1 2 3 4 5 6 7] [1265 1066 1061  983  720  284  147   70]
[0 1 2 3 4 5 6] [1685 1231 1105 1077  272  156   70]
[0 1 2 3 4 5] [1297 1177 1059 1038  797  228]
[0 1 2 3 4 5 6] [1312 1101 1087  969  788  269   70]
[0 1 2 3 4 5] [1725 1254 1071 1058  269  219]
[0 1 2 3 4 5 6] [1657 1257 1089 1042  313  168   70]
[0 1 2 3 4 5 6] [1422 1166 1104  877  593  388   46]
[0 1 2 3 4 5 6] [1724 1153 1123  734  387  299  176]
[0 1 2 3 4 5 6 7] [1503 1055 1017  981  555  242  172   71]
[0 1 2 3 4 5 6] [1660 1275 1084 1054  305  148   70]
[0 1 2 3 4 5 6] [1741 1674 1273  396  292  150   70]
[0 1 2 3 4 5] [1406 1386 1103 1059  571   71]
[0 1 2 3 4 5 6 7] [1158 1094 1083  999  787  394   71   10]
[0 1 2 3 4 5 6 7] [1734 1080 1013  835  451  411   70    2]
[0 1 2 3 4 5 6] [1610 1107 1087  933  425  274  160]
[0 1 2 3 4 5 6] [1692 1325  925  778  389  274  213]
[0 1 2 3 4 5 6 7] [1225 1036 1024 1017  778  256  190   70]
[0 1 2 3 4 5 6] [1288 1071 1038  958  734  274  233]
[0 1 2 3 4 5 6] [1615 1247 1082 1063  368  151   70]
[0 1 2 3 4 5 6] [1642 1313  934  878  389  371   69]
[0 1 2 3 4 5 6 7] [1741 1197  966  807  389  276  150   70]
[0 1 2 3 4 5] [1374 1150 1089 1088  825   70]
[0 1 2 3 4 5] [1740 1668 1283  393  285  227]
[0 1 2 3 4 5 6 7] [1620 1333 1101 1038  275  157   70    2]
[0 1 2 3 4 5 6] [1289 1115 1076 1061  584  401   70]
[0 1 2 3 4 5 6] [1622 1354 1065 1052  276  158   69]
[0 1 2 3 4 5 6 7] [1286 1097 1030 1008  671  284  150   70]
[0 1 2 3 4 5] [1706 1274 1068 1050  280  218]
[0 1 2 3 4 5] [1235 1082 1025  936  926  392]
[0 1 2 3 4 5 6] [1339 1081 1065 1004  741  295   71]
[0 1 2 3 4 5 6] [1687 1298 1154  945  283  159   70]
[0 1 2 3 4 5 6] [1374 1143 1016  996  726  270   71]
[0 1 2 3 4 5] [1644 1341 1338  807  396   70]
[0 1 2 3 4 5 6] [1649 1382 1043 1013  300  139   70]
[0 1 2 3 4 5 6] [1432 1264 1034  853  546  396   71]
[0 1 2 3 4 5 6] [1701 1281 1184  927  276  157   70]
[0 1 2 3 4 5 6] [1661 1531 1136  440  410  265  153]
[0 1 2 3 4 5 6 7] [1306 1064 1053  983  710  262  148   70]
[0 1 2 3 4 5 6] [1539 1073 1073  852  390  377  292]
[0 1 2 3 4 5 6] [1176 1074 1074 1054  763  252  203]
[0 1 2 3 4 5 6] [1696 1649 1361  398  276  146   70]
[0 1 2 3 4 5 6] [1170 1085 1070 1051  988  162   70]
[0 1 2 3 4 5] [1753 1675 1266  391  296  215]
[0 1 2 3 4 5 6] [1699 1687 1322  387  284  147   70]
[0 1 2 3 4 5 6] [1739 1431 1256  563  393  144   70]
[0 1 2 3 4 5] [1205 1089 1057 1036  993  216]
[0 1 2 3 4 5 6] [1215 1145 1054  932  595  387  268]
[0 1 2 3 4 5 6] [1258 1071 1058 1010  695  282  222]
[0 1 2 3 4 5 6 7] [1307  997  991  913  780  390  148   70]

Final Consensus Clustering Results:
[1 2 3 4 5] [1707 1288 1261  263 1077]

12 Descending Neuron cluster assignments:
5, 5, 1, 5, 5, 2, 1, 2, 2, 1, 1, 5, 

Time taken for consensus clustering: 202.13 seconds
Total time taken: 225.10 seconds
