Consensus Clustering: 25 iterations

[0 1 2 3 4 5 6 7] [1057 1046  954  830  709  565  283  152]
[0 1 2 3 4 5] [1722 1708 1295  405  291  175]
[0 1 2 3 4 5 6] [1092 1042 1002  993  955  442   70]
[0 1 2 3 4 5 6] [1572 1054  912  857  511  388  302]
[0 1 2 3 4 5 6] [1712 1505  990  565  387  283  154]
[0 1 2 3 4 5 6] [1522 1395  949  754  601  305   70]
[0 1 2 3 4 5 6 7] [1068 1053 1024  980  950  449   70    2]
[0 1 2 3 4 5 6] [1695 1264 1093 1041  282  151   70]
[0 1 2 3 4 5] [1223 1118 1102  990  760  403]
[0 1 2 3 4 5] [1305 1127 1042  970  723  429]
[0 1 2 3 4 5 6 7] [1665 1153 1141  749  395  275  144   74]
[0 1 2 3 4 5 6] [1695 1267 1079 1052  285  148   70]
[0 1 2 3 4 5] [1704 1271 1084  838  414  285]
[0 1 2 3 4 5 6] [1695 1677 1325  394  287  148   70]
[0 1 2 3 4 5] [1729 1639 1298  396  298  236]
[0 1 2 3 4 5] [1762 1682 1372  384  326   70]
[0 1 2 3 4 5 6] [1733 1212  970  804  386  274  217]
[0 1 2 3 4 5] [1306 1069 1067 1037  895  222]
[0 1 2 3 4 5 6] [1748 1294  943  741  409  391   70]
[0 1 2 3 4 5] [1219 1211 1210  912  800  244]
[0 1 2 3 4 5 6] [1479 1154 1109 1054  593  136   71]
[0 1 2 3 4 5 6 7] [1582 1089 1031  939  523  286  142    4]
[0 1 2 3 4 5 6] [1696 1293 1056 1037  292  151   71]
[0 1 2 3 4 5 6 7] [1133 1072 1060 1003  808  267  182   71]
[0 1 2 3 4 5 6] [1730 1659 1309  396  288  144   70]

Final Consensus Clustering Results:
[1 2 3 4] [1701 1284  478 2133]

12 Descending Neuron cluster assignments:
4, 4, 1, 4, 4, 2, 1, 2, 2, 1, 1, 4, 

Time taken for consensus clustering: 115.71 seconds
Total time taken: 145.87 seconds
